11/06/2021 06:10:33 INICIANDO...
11/06/2021 06:10:33 2.8.2.3
11/06/2021 06:10:33 Usuário: Usuario(Administrador)
11/06/2021 06:10:33 Versão do Sistema Operacional: 6.2.9200
11/06/2021 06:10:33 64 Bits: true
11/06/2021 06:10:33  85.0.2 (x86 pt-BR) ( 85.0 )
11/06/2021 06:10:33 UAC: Ativado
11/06/2021 06:10:33 Verificando se Mozilla Firefox está instalado...
11/06/2021 06:10:33 Mozilla Firefox instalado.
11/06/2021 06:10:33 [1: Ajustando ambiente] Verificando...
11/06/2021 06:10:33 [1: Ajustando ambiente] Corrigindo TLS.
11/06/2021 06:10:33 [1: Ajustando ambiente] Ok.
11/06/2021 06:10:34 [2: Ajustes iniciais] Verificando...
11/06/2021 06:10:34 [2: Ajustes iniciais] Ok.
11/06/2021 06:10:34 [3: Instalação dos certificados raíz] Verificando...
11/06/2021 06:10:34 [3: Instalação dos certificados raíz] Efetuando download do instalador...
11/06/2021 06:10:35 [3: Instalação dos certificados raíz] Instalando...
11/06/2021 06:10:36 [3: Instalação dos certificados raíz] Ok.
11/06/2021 06:10:36 [5: Ajustes adicionais] Verificando...
11/06/2021 06:10:36 [5: Ajustes adicionais] Limpando...
11/06/2021 06:10:36 [5: Ajustes adicionais] Ok.
11/06/2021 06:10:36 [6: Preparando navegador Firefox] Verificando...
11/06/2021 06:10:36 [6: Preparando navegador Firefox] Ok.
11/06/2021 06:10:36 [7: Instalando módulo de segurança] Verificando...
11/06/2021 06:10:36 [7: Instalando módulo de segurança] Efetuando download do instalador...
11/06/2021 06:10:52 [7: Instalando módulo de segurança] Instalando...
11/06/2021 06:11:28 [7: Instalando módulo de segurança] Ok.
11/06/2021 06:11:28 [9: Finalizando a instalação] Verificando...
11/06/2021 06:11:28 [9: Finalizando a instalação] Ok.
11/06/2021 06:11:28 [10: Validando a instalação] Verificando...
11/06/2021 06:12:12 [10: Validando a instalação] Instalando...
11/06/2021 06:12:45 [10: Validando a instalação] Ok.
11/06/2021 06:12:45 [11: Finalizando ajustes no navegador] Verificando...
11/06/2021 06:12:45 [11: Finalizando ajustes no navegador] Instalando...
11/06/2021 06:12:55 [11: Finalizando ajustes no navegador] Ok.
11/06/2021 06:12:55 [12: Ajustando ambiente] Verificando...
11/06/2021 06:12:55 [12: Ajustando ambiente] Ok.
11/06/2021 06:12:55 [13: Ajustando ambiente] Verificando...
11/06/2021 06:12:55 [13: Ajustando ambiente] Ok.
11/06/2021 06:12:55 [14: Concluindo ajustes] Verificando...
11/06/2021 06:13:00 [14: Concluindo ajustes] CONCLUÍDO.
11/06/2021 06:13:00 CONCLUÍDO.
